<?xml version="1.0" encoding="UTF-8"?>
<testsuite xmlns:xsi="http://www.w3.org/2001/XMLSchema-instance" xsi:noNamespaceSchemaLocation="https://maven.apache.org/surefire/maven-surefire-plugin/xsd/surefire-test-report.xsd" version="3.0.2" name="com.example.aiengineservice.AiEngineServiceApplicationTests" time="1.957" tests="1" errors="0" skipped="0" failures="0" flakes="0">
  <properties>
[...]
</properties>
  <testcase name="contextLoads" classname="com.example.aiengineservice.AiEngineServiceApplicationTests" time="0.211">
    <system-out><![CDATA[12:11:41.525 [main] INFO org.springframework.test.context.support.AnnotationConfigContextLoaderUtils -- Could not detect default configuration classes for test class [com.example.aiengineservice.AiEngineServiceApplicationTests]: AiEngineServiceApplicationTests does not declare any static, non-private, non-final, nested classes annotated with @Configuration.
12:11:41.569 [main] INFO org.springframework.boot.test.context.SpringBootTestContextBootstrapper -- Found @SpringBootConfiguration com.example.aiengineservice.AiEngineServiceApplication for test class com.example.aiengineservice.AiEngineServiceApplicationTests

  .   ____          _            __ _ _
 /\\ / ___'_ __ _ _(_)_ __  __ _ \ \ \ \
( ( )\___ | '_ | '_| | '_ \/ _` | \ \ \ \
 \\/  ___)| |_)| | | | | || (_| |  ) ) ) )
  '  |____| .__|_| |_|_| |_\__, | / / / /
 =========|_|==============|___/=/_/_/_/

 :: Spring Boot ::               (v3.5.13)

2026-04-25T12:11:42.426-04:00  WARN 22388 --- [           main] org.hibernate.orm.deprecation            : HHH90000025: H2Dialect does not need to be specified explicitly using 'hibernate.dialect' (remove the property setting and it will be selected by default)
2026-04-25T12:11:42.968-04:00  WARN 22388 --- [           main] JpaBaseConfiguration$JpaWebConfiguration : spring.jpa.open-in-view is enabled by default. Therefore, database queries may be performed during view rendering. Explicitly configure spring.jpa.open-in-view to disable this warning
2026-04-25T12:11:43.058-04:00  WARN 22388 --- [           main] .s.s.UserDetailsServiceAutoConfiguration : 

Using generated security password: b64da625-757c-44e5-baed-1e48a7280ec6

This generated password is for development use only. Your security configuration must be updated before running your application in production.

]]></system-out>
  </testcase>
</testsuite>